# JRE version: OpenJDK Runtime Environment (8.0_242-b01) (build 1.8.0_242-release-1644-b01)
# Java VM: OpenJDK 64-Bit Server VM (25.242-b01 mixed mode windows-amd64 compressed oops)
Heap:
 PSYoungGen      total 183296K, used 145677K [0x00000000d5580000, 0x00000000e2380000, 0x0000000100000000)
  eden space 173568K, 78% used [0x00000000d5580000,0x00000000dda6b048,0x00000000dff00000)
  from space 9728K, 98% used [0x00000000e1a00000,0x00000000e23584f0,0x00000000e2380000)
  to   space 13312K, 0% used [0x00000000e0980000,0x00000000e0980000,0x00000000e1680000)
 ParOldGen       total 72192K, used 17384K [0x0000000080000000, 0x0000000084680000, 0x00000000d5580000)
  object space 72192K, 24% used [0x0000000080000000,0x00000000810fa1e0,0x0000000084680000)
 Metaspace       used 51511K, capacity 53606K, committed 53800K, reserved 1095680K
  class space    used 6910K, capacity 7367K, committed 7472K, reserved 1048576K
GC Heap History (10 events):
Event: 5.031 GC heap before
{Heap before GC invocations=8 (full 1):
 PSYoungGen      total 76800K, used 3876K [0x00000000d5580000, 0x00000000deb80000, 0x0000000100000000)
  eden space 66048K, 0% used [0x00000000d5580000,0x00000000d5580000,0x00000000d9600000)
  from space 10752K, 36% used [0x00000000d9600000,0x00000000d99c9050,0x00000000da080000)
  to   space 10752K, 0% used [0x00000000de100000,0x00000000de100000,0x00000000deb80000)
 ParOldGen       total 87552K, used 8987K [0x0000000080000000, 0x0000000085580000, 0x00000000d5580000)
  object space 87552K, 10% used [0x0000000080000000,0x00000000808c6c18,0x0000000085580000)
 Metaspace       used 20585K, capacity 21224K, committed 21296K, reserved 1067008K
  class space    used 2877K, capacity 3076K, committed 3120K, reserved 1048576K
Event: 5.068 GC heap after
Heap after GC invocations=8 (full 1):
 PSYoungGen      total 76800K, used 0K [0x00000000d5580000, 0x00000000deb80000, 0x0000000100000000)
  eden space 66048K, 0% used [0x00000000d5580000,0x00000000d5580000,0x00000000d9600000)
  from space 10752K, 0% used [0x00000000d9600000,0x00000000d9600000,0x00000000da080000)
  to   space 10752K, 0% used [0x00000000de100000,0x00000000de100000,0x00000000deb80000)
 ParOldGen       total 47616K, used 6740K [0x0000000080000000, 0x0000000082e80000, 0x00000000d5580000)
  object space 47616K, 14% used [0x0000000080000000,0x0000000080695350,0x0000000082e80000)
 Metaspace       used 20585K, capacity 21224K, committed 21296K, reserved 1067008K
  class space    used 2877K, capacity 3076K, committed 3120K, reserved 1048576K
}
Event: 6.045 GC heap before
{Heap before GC invocations=9 (full 1):
 PSYoungGen      total 76800K, used 66048K [0x00000000d5580000, 0x00000000deb80000, 0x0000000100000000)
  eden space 66048K, 100% used [0x00000000d5580000,0x00000000d9600000,0x00000000d9600000)
  from space 10752K, 0% used [0x00000000d9600000,0x00000000d9600000,0x00000000da080000)
  to   space 10752K, 0% used [0x00000000de100000,0x00000000de100000,0x00000000deb80000)
 ParOldGen       total 47616K, used 6740K [0x0000000080000000, 0x0000000082e80000, 0x00000000d5580000)
  object space 47616K, 14% used [0x0000000080000000,0x0000000080695350,0x0000000082e80000)
 Metaspace       used 28591K, capacity 29444K, committed 29616K, reserved 1075200K
  class space    used 3967K, capacity 4188K, committed 4272K, reserved 1048576K
Event: 6.053 GC heap after
Heap after GC invocations=9 (full 1):
 PSYoungGen      total 133120K, used 8259K [0x00000000d5580000, 0x00000000de980000, 0x0000000100000000)
  eden space 124416K, 0% used [0x00000000d5580000,0x00000000d5580000,0x00000000dcf00000)
  from space 8704K, 94% used [0x00000000de100000,0x00000000de910ed0,0x00000000de980000)
  to   space 11264K, 0% used [0x00000000dd380000,0x00000000dd380000,0x00000000dde80000)
 ParOldGen       total 47616K, used 6748K [0x0000000080000000, 0x0000000082e80000, 0x00000000d5580000)
  object space 47616K, 14% used [0x0000000080000000,0x0000000080697350,0x0000000082e80000)
 Metaspace       used 28591K, capacity 29444K, committed 29616K, reserved 1075200K
  class space    used 3967K, capacity 4188K, committed 4272K, reserved 1048576K
}
Event: 7.384 GC heap before
{Heap before GC invocations=10 (full 1):
 PSYoungGen      total 133120K, used 105709K [0x00000000d5580000, 0x00000000de980000, 0x0000000100000000)
  eden space 124416K, 78% used [0x00000000d5580000,0x00000000db4aa758,0x00000000dcf00000)
  from space 8704K, 94% used [0x00000000de100000,0x00000000de910ed0,0x00000000de980000)
  to   space 11264K, 0% used [0x00000000dd380000,0x00000000dd380000,0x00000000dde80000)
 ParOldGen       total 47616K, used 6748K [0x0000000080000000, 0x0000000082e80000, 0x00000000d5580000)
  object space 47616K, 14% used [0x0000000080000000,0x0000000080697350,0x0000000082e80000)
 Metaspace       used 34293K, capacity 35414K, committed 35496K, reserved 1079296K
  class space    used 4725K, capacity 5002K, committed 5040K, reserved 1048576K
Event: 7.398 GC heap after
Heap after GC invocations=10 (full 1):
 PSYoungGen      total 140288K, used 11262K [0x00000000d5580000, 0x00000000e2680000, 0x0000000100000000)
  eden space 129024K, 0% used [0x00000000d5580000,0x00000000d5580000,0x00000000dd380000)
  from space 11264K, 99% used [0x00000000dd380000,0x00000000dde7f8b0,0x00000000dde80000)
  to   space 12800K, 0% used [0x00000000e1a00000,0x00000000e1a00000,0x00000000e2680000)
 ParOldGen       total 47616K, used 6820K [0x0000000080000000, 0x0000000082e80000, 0x00000000d5580000)
  object space 47616K, 14% used [0x0000000080000000,0x00000000806a93f0,0x0000000082e80000)
 Metaspace       used 34293K, capacity 35414K, committed 35496K, reserved 1079296K
  class space    used 4725K, capacity 5002K, committed 5040K, reserved 1048576K
}
Event: 7.398 GC heap before
{Heap before GC invocations=11 (full 2):
 PSYoungGen      total 140288K, used 11262K [0x00000000d5580000, 0x00000000e2680000, 0x0000000100000000)
  eden space 129024K, 0% used [0x00000000d5580000,0x00000000d5580000,0x00000000dd380000)
  from space 11264K, 99% used [0x00000000dd380000,0x00000000dde7f8b0,0x00000000dde80000)
  to   space 12800K, 0% used [0x00000000e1a00000,0x00000000e1a00000,0x00000000e2680000)
 ParOldGen       total 47616K, used 6820K [0x0000000080000000, 0x0000000082e80000, 0x00000000d5580000)
  object space 47616K, 14% used [0x0000000080000000,0x00000000806a93f0,0x0000000082e80000)
 Metaspace       used 34293K, capacity 35414K, committed 35496K, reserved 1079296K
  class space    used 4725K, capacity 5002K, committed 5040K, reserved 1048576K
Event: 7.499 GC heap after
Heap after GC invocations=11 (full 2):
 PSYoungGen      total 140288K, used 0K [0x00000000d5580000, 0x00000000e2680000, 0x0000000100000000)
  eden space 129024K, 0% used [0x00000000d5580000,0x00000000d5580000,0x00000000dd380000)
  from space 11264K, 0% used [0x00000000dd380000,0x00000000dd380000,0x00000000dde80000)
  to   space 12800K, 0% used [0x00000000e1a00000,0x00000000e1a00000,0x00000000e2680000)
 ParOldGen       total 72192K, used 17376K [0x0000000080000000, 0x0000000084680000, 0x00000000d5580000)
  object space 72192K, 24% used [0x0000000080000000,0x00000000810f81e0,0x0000000084680000)
 Metaspace       used 34293K, capacity 35414K, committed 35496K, reserved 1079296K
  class space    used 4725K, capacity 5002K, committed 5040K, reserved 1048576K
}
Event: 15.517 GC heap before
{Heap before GC invocations=12 (full 2):
 PSYoungGen      total 140288K, used 129024K [0x00000000d5580000, 0x00000000e2680000, 0x0000000100000000)
  eden space 129024K, 100% used [0x00000000d5580000,0x00000000dd380000,0x00000000dd380000)
  from space 11264K, 0% used [0x00000000dd380000,0x00000000dd380000,0x00000000dde80000)
  to   space 12800K, 0% used [0x00000000e1a00000,0x00000000e1a00000,0x00000000e2680000)
 ParOldGen       total 72192K, used 17376K [0x0000000080000000, 0x0000000084680000, 0x00000000d5580000)
  object space 72192K, 24% used [0x0000000080000000,0x00000000810f81e0,0x0000000084680000)
 Metaspace       used 39547K, capacity 41368K, committed 41512K, reserved 1085440K
  class space    used 5469K, capacity 5868K, committed 5936K, reserved 1048576K
Event: 15.541 GC heap after
Heap after GC invocations=12 (full 2):
 PSYoungGen      total 183296K, used 9569K [0x00000000d5580000, 0x00000000e2380000, 0x0000000100000000)
  eden space 173568K, 0% used [0x00000000d5580000,0x00000000d5580000,0x00000000dff00000)
  from space 9728K, 98% used [0x00000000e1a00000,0x00000000e23584f0,0x00000000e2380000)
  to   space 13312K, 0% used [0x00000000e0980000,0x00000000e0980000,0x00000000e1680000)
 ParOldGen       total 72192K, used 17384K [0x0000000080000000, 0x0000000084680000, 0x00000000d5580000)
  object space 72192K, 24% used [0x0000000080000000,0x00000000810fa1e0,0x0000000084680000)
 Metaspace       used 39547K, capacity 41368K, committed 41512K, reserved 1085440K
  class space    used 5469K, capacity 5868K, committed 5936K, reserved 1048576K
}

